<?xml version="1.0" encoding="UTF-8"?>
<testng-results ignored="0" total="1" passed="1" failed="0" skipped="0">
  <reporter-output>
  </reporter-output>
  <suite started-at="2018-12-30T15:29:39Z" name="Test" finished-at="2018-12-30T15:36:32Z" duration-ms="412557">
    <groups>
    </groups>
    <test started-at="2018-12-30T15:29:39Z" name="Test" finished-at="2018-12-30T15:36:32Z" duration-ms="412557">
      <class name="com.icix.browserinstance.BrowserInstance">
        <test-method is-config="true" signature="beforeTest(java.lang.String, java.lang.String)[pri:0, instance:com.icix.browserinstance.BrowserInstance@49dc7102]" started-at="2018-12-30T15:29:39Z" name="beforeTest" finished-at="2018-12-30T15:31:54Z" duration-ms="135253" status="PASS">
          <params>
            <param index="0">
              <value>
                <![CDATA[]]>
              </value>
            </param>
            <param index="1">
              <value>
                <![CDATA[]]>
              </value>
            </param>
          </params>
          <reporter-output>
          </reporter-output>
        </test-method> <!-- beforeTest -->
      </class> <!-- com.icix.browserinstance.BrowserInstance -->
      <class name="com.icix.producttest.QA_28_Test">
        <test-method signature="OpenRequestPage()[pri:0, instance:com.icix.producttest.QA_28_Test@6b8ca3c8]" started-at="2018-12-30T15:31:54Z" name="OpenRequestPage" finished-at="2018-12-30T15:36:32Z" duration-ms="277272" status="PASS">
          <reporter-output>
          </reporter-output>
        </test-method> <!-- OpenRequestPage -->
      </class> <!-- com.icix.producttest.QA_28_Test -->
    </test> <!-- Test -->
  </suite> <!-- Test -->
</testng-results>
